[0.021s] Invoking command in '/home/kemaltml/moria_ws/build/moria_gazebo': CMAKE_PREFIX_PATH=/opt/ros/iron /usr/bin/cmake /home/kemaltml/moria_ws/src/moria/moria_gazebo -DAMENT_CMAKE_SYMLINK_INSTALL=1 -DCMAKE_INSTALL_PREFIX=/home/kemaltml/moria_ws/install/moria_gazebo
[1.250s] -- The C compiler identification is GNU 11.4.0
[1.931s] -- The CXX compiler identification is GNU 11.4.0
[1.996s] -- Detecting C compiler ABI info
[2.574s] -- Detecting C compiler ABI info - done
[2.584s] -- Check for working C compiler: /usr/bin/cc - skipped
[2.598s] -- Detecting C compile features
[2.612s] -- Detecting C compile features - done
[2.617s] -- Detecting CXX compiler ABI info
[3.960s] -- Detecting CXX compiler ABI info - done
[3.971s] -- Check for working CXX compiler: /usr/bin/c++ - skipped
[3.972s] -- Detecting CXX compile features
[3.973s] -- Detecting CXX compile features - done
[4.021s] -- Found ament_cmake: 2.0.6 (/opt/ros/iron/share/ament_cmake/cmake)
[4.397s] -- Found Python3: /usr/bin/python3.10 (found version "3.10.12") found components: Interpreter 
[4.688s] -- Override CMake install command with custom implementation using symlinks instead of copying resources
[4.885s] -- Found gazebo_ros: 3.7.0 (/opt/ros/iron/share/gazebo_ros/cmake)
[5.189s] -- Found rosidl_generator_c: 4.0.1 (/opt/ros/iron/share/rosidl_generator_c/cmake)
[5.354s] -- Found rosidl_generator_cpp: 4.0.1 (/opt/ros/iron/share/rosidl_generator_cpp/cmake)
[5.594s] -- Using all available rosidl_typesupport_c: rosidl_typesupport_fastrtps_c;rosidl_typesupport_introspection_c
[5.834s] -- Using all available rosidl_typesupport_cpp: rosidl_typesupport_fastrtps_cpp;rosidl_typesupport_introspection_cpp
[6.569s] -- Found rmw_implementation_cmake: 7.1.0 (/opt/ros/iron/share/rmw_implementation_cmake/cmake)
[6.577s] -- Found rmw_fastrtps_cpp: 7.1.4 (/opt/ros/iron/share/rmw_fastrtps_cpp/cmake)
[6.763s] -- Found OpenSSL: /usr/lib/x86_64-linux-gnu/libcrypto.so (found version "3.0.2")  
[6.826s] -- Found FastRTPS: /opt/ros/iron/include  
[6.899s] -- Using RMW implementation 'rmw_fastrtps_cpp' as default
[7.252s] -- Found PkgConfig: /usr/bin/pkg-config (found version "0.29.2") 
[7.256s] -- Checking for module 'bullet>=2.82'
[7.271s] --   Found bullet, version 3.05
[7.418s] -- Found fcl: /usr/include (found suitable version "0.7.0", minimum required is "0.5.0") 
[7.475s] -- Found assimp: /usr/include (found version "5.2.0") 
[7.531s] -- Found DART: /usr/include (Required is at least version "6.6") found components: dart 
[7.817s] -- Found Boost: /usr/lib/x86_64-linux-gnu/cmake/Boost-1.74.0/BoostConfig.cmake (found suitable version "1.74.0", minimum required is "1.40.0") found components: thread system filesystem program_options regex iostreams date_time 
[7.857s] -- Found Protobuf: /usr/lib/x86_64-linux-gnu/libprotobuf.so (found version "3.12.4") 
[7.867s] -- Looking for ignition-math6 -- found version 6.15.1
[7.889s] -- Searching for dependencies of ignition-math6
[7.894s] -- Looking for OGRE...
[7.895s] -- OGRE_PREFIX_WATCH changed.
[7.903s] -- Checking for module 'OGRE'
[7.918s] --   Found OGRE, version 1.9.0
[7.955s] -- Found Ogre Ghadamon (1.9.0)
[7.968s] -- Found OGRE: optimized;/usr/lib/x86_64-linux-gnu/libOgreMain.so;debug;/usr/lib/x86_64-linux-gnu/libOgreMain.so
[7.984s] -- Looking for OGRE_Paging...
[7.994s] -- Found OGRE_Paging: optimized;/usr/lib/x86_64-linux-gnu/libOgrePaging.so;debug;/usr/lib/x86_64-linux-gnu/libOgrePaging.so
[7.994s] -- Looking for OGRE_Terrain...
[8.001s] -- Found OGRE_Terrain: optimized;/usr/lib/x86_64-linux-gnu/libOgreTerrain.so;debug;/usr/lib/x86_64-linux-gnu/libOgreTerrain.so
[8.001s] -- Looking for OGRE_Property...
[8.009s] -- Found OGRE_Property: optimized;/usr/lib/x86_64-linux-gnu/libOgreProperty.so;debug;/usr/lib/x86_64-linux-gnu/libOgreProperty.so
[8.009s] -- Looking for OGRE_RTShaderSystem...
[8.016s] -- Found OGRE_RTShaderSystem: optimized;/usr/lib/x86_64-linux-gnu/libOgreRTShaderSystem.so;debug;/usr/lib/x86_64-linux-gnu/libOgreRTShaderSystem.so
[8.016s] -- Looking for OGRE_Volume...
[8.024s] -- Found OGRE_Volume: optimized;/usr/lib/x86_64-linux-gnu/libOgreVolume.so;debug;/usr/lib/x86_64-linux-gnu/libOgreVolume.so
[8.024s] -- Looking for OGRE_Overlay...
[8.031s] -- Found OGRE_Overlay: optimized;/usr/lib/x86_64-linux-gnu/libOgreOverlay.so;debug;/usr/lib/x86_64-linux-gnu/libOgreOverlay.so
[8.177s] -- Looking for ignition-math6 -- found version 6.15.1
[8.182s] -- Looking for ignition-transport8 -- found version 8.2.1
[8.183s] -- Searching for dependencies of ignition-transport8
[8.207s] -- Found Protobuf: /usr/lib/x86_64-linux-gnu/libprotobuf.so (found suitable version "3.12.4", minimum required is "3") 
[8.222s] -- Config-file not installed for ZeroMQ -- checking for pkg-config
[8.228s] -- Checking for module 'libzmq >= 4'
[8.250s] --   Found libzmq , version 4.3.4
[8.289s] -- Found ZeroMQ: TRUE (Required is at least version "4") 
[8.297s] -- Checking for module 'uuid'
[8.315s] --   Found uuid, version 2.37.2
[8.349s] -- Found UUID: TRUE  
[8.353s] -- Looking for ignition-msgs5 -- found version 5.8.1
[8.353s] -- Searching for dependencies of ignition-msgs5
[8.377s] -- Looking for ignition-math6 -- found version 6.15.1
[8.385s] -- Checking for module 'tinyxml2'
[8.401s] --   Found tinyxml2, version 9.0.0
[8.441s] -- Looking for ignition-msgs5 -- found version 5.8.1
[8.445s] -- Looking for ignition-common3 -- found version 3.14.0
[8.446s] -- Searching for dependencies of ignition-common3
[8.447s] -- Looking for dlfcn.h - found
[8.448s] -- Looking for libdl - found
[8.450s] -- Found DL: TRUE  
[8.464s] -- Found tinyobjloader: /usr/lib/x86_64-linux-gnu/cmake/tinyobjloader/tinyobjloader-config.cmake (found version "2.0.0") 
[8.465s] -- Searching for <ignition-common3> component [graphics]
[8.468s] -- Looking for ignition-common3-graphics -- found version 3.14.0
[8.469s] -- Searching for dependencies of ignition-common3-graphics
[8.469s] -- Looking for ignition-math6 -- found version 6.15.1
[8.477s] -- Looking for ignition-fuel_tools4 -- found version 4.4.0
[8.478s] -- Searching for dependencies of ignition-fuel_tools4
[8.570s] -- Found CURL: /usr/lib/x86_64-linux-gnu/libcurl.so (found version "7.81.0")  
[8.583s] -- Checking for module 'jsoncpp'
[8.601s] --   Found jsoncpp, version 1.9.5
[8.636s] -- Found JSONCPP: TRUE  
[8.644s] -- Checking for module 'libzip'
[8.657s] --   Found libzip, version 1.7.3
[8.695s] -- Found ZIP: TRUE  
[8.695s] -- Looking for ignition-common3 -- found version 3.14.0
[8.696s] -- Looking for ignition-math6 -- found version 6.15.1
[8.696s] -- Looking for ignition-msgs5 -- found version 5.8.1
[8.702s] -- Gazebo version: 11.10
[8.703s] -- Checking for module 'tbb'
[8.717s] --   Found tbb, version 2021.5.0
[8.765s] -- Found gazebo_ros_pkgs: 3.7.0 (/opt/ros/iron/share/gazebo_ros_pkgs/cmake)
[8.767s] -- Found geometry_msgs: 5.0.1 (/opt/ros/iron/share/geometry_msgs/cmake)
[8.918s] -- Found nav_msgs: 5.0.1 (/opt/ros/iron/share/nav_msgs/cmake)
[9.093s] -- Found sensor_msgs: 5.0.1 (/opt/ros/iron/share/sensor_msgs/cmake)
[9.563s] -- Found tf2: 0.31.8 (/opt/ros/iron/share/tf2/cmake)
[9.756s] -- Checking for module 'gazebo'
[9.963s] --   Found gazebo, version 11.10.2
[10.236s] -- Configuring done
[10.256s] -- Generating done
[10.258s] -- Build files have been written to: /home/kemaltml/moria_ws/build/moria_gazebo
[10.272s] Invoked command in '/home/kemaltml/moria_ws/build/moria_gazebo' returned '0': CMAKE_PREFIX_PATH=/opt/ros/iron /usr/bin/cmake /home/kemaltml/moria_ws/src/moria/moria_gazebo -DAMENT_CMAKE_SYMLINK_INSTALL=1 -DCMAKE_INSTALL_PREFIX=/home/kemaltml/moria_ws/install/moria_gazebo
[10.274s] Invoking command in '/home/kemaltml/moria_ws/build/moria_gazebo': CMAKE_PREFIX_PATH=/opt/ros/iron /usr/bin/cmake --build /home/kemaltml/moria_ws/build/moria_gazebo -- -j8 -l8
[10.329s] [ 50%] [32mBuilding CXX object CMakeFiles/moria_drive.dir/src/moria_drive.cpp.o[0m
[25.398s] [100%] [32m[1mLinking CXX executable moria_drive[0m
[26.692s] [100%] Built target moria_drive
[26.704s] Invoked command in '/home/kemaltml/moria_ws/build/moria_gazebo' returned '0': CMAKE_PREFIX_PATH=/opt/ros/iron /usr/bin/cmake --build /home/kemaltml/moria_ws/build/moria_gazebo -- -j8 -l8
[26.732s] Invoking command in '/home/kemaltml/moria_ws/build/moria_gazebo': CMAKE_PREFIX_PATH=/opt/ros/iron /usr/bin/cmake --install /home/kemaltml/moria_ws/build/moria_gazebo
[26.740s] -- Install configuration: ""
[26.740s] -- Execute custom install script
[26.741s] -- Symlinking: /home/kemaltml/moria_ws/install/moria_gazebo/lib/moria_gazebo/moria_drive
[26.751s] -- Symlinking: /home/kemaltml/moria_ws/install/moria_gazebo/share/moria_gazebo//launch/empty_world.launch.py
[26.760s] -- Symlinking: /home/kemaltml/moria_ws/install/moria_gazebo/share/moria_gazebo//launch/robot_state_publisher.launch.py
[26.770s] -- Symlinking: /home/kemaltml/moria_ws/install/moria_gazebo/share/moria_gazebo//launch/spawn_moria.launch.py
[26.782s] -- Symlinking: /home/kemaltml/moria_ws/install/moria_gazebo/share/moria_gazebo//model/meshes/base_link.STL
[26.791s] -- Symlinking: /home/kemaltml/moria_ws/install/moria_gazebo/share/moria_gazebo//model/meshes/body.STL
[26.800s] -- Symlinking: /home/kemaltml/moria_ws/install/moria_gazebo/share/moria_gazebo//model/meshes/camera.STL
[26.810s] -- Symlinking: /home/kemaltml/moria_ws/install/moria_gazebo/share/moria_gazebo//model/meshes/fuzzy_wheel.STL
[26.818s] -- Symlinking: /home/kemaltml/moria_ws/install/moria_gazebo/share/moria_gazebo//model/meshes/left_wheel.STL
[26.827s] -- Symlinking: /home/kemaltml/moria_ws/install/moria_gazebo/share/moria_gazebo//model/meshes/legs.STL
[26.835s] -- Symlinking: /home/kemaltml/moria_ws/install/moria_gazebo/share/moria_gazebo//model/meshes/lidar.stl
[26.844s] -- Symlinking: /home/kemaltml/moria_ws/install/moria_gazebo/share/moria_gazebo//model/meshes/right_wheel.STL
[26.852s] -- Symlinking: /home/kemaltml/moria_ws/install/moria_gazebo/share/moria_gazebo//model/meshes/tekerlek.STL
[26.861s] -- Symlinking: /home/kemaltml/moria_ws/install/moria_gazebo/share/moria_gazebo//model/moria.urdf
[26.870s] -- Symlinking: /home/kemaltml/moria_ws/install/moria_gazebo/share/moria_gazebo//rviz/model.rviz
[26.881s] -- Symlinking: /home/kemaltml/moria_ws/install/moria_gazebo/share/moria_gazebo//urdf/camera.xacro
[26.889s] -- Symlinking: /home/kemaltml/moria_ws/install/moria_gazebo/share/moria_gazebo//urdf/inertial_macros.xacro
[26.898s] -- Symlinking: /home/kemaltml/moria_ws/install/moria_gazebo/share/moria_gazebo//urdf/moria.urdf.xacro
[26.908s] -- Symlinking: /home/kemaltml/moria_ws/install/moria_gazebo/share/moria_gazebo//urdf/sensors.xacro
[26.916s] -- Symlinking: /home/kemaltml/moria_ws/install/moria_gazebo/share/moria_gazebo//urdf/temp.urdf
[26.926s] -- Symlinking: /home/kemaltml/moria_ws/install/moria_gazebo/share/moria_gazebo//worlds/empty_world.world
[26.934s] -- Symlinking: /home/kemaltml/moria_ws/install/moria_gazebo/include//moria_gazebo/moria_drive.hpp
[26.943s] -- Symlinking: /home/kemaltml/moria_ws/install/moria_gazebo/share/ament_index/resource_index/package_run_dependencies/moria_gazebo
[26.952s] -- Symlinking: /home/kemaltml/moria_ws/install/moria_gazebo/share/ament_index/resource_index/parent_prefix_path/moria_gazebo
[26.960s] -- Symlinking: /home/kemaltml/moria_ws/install/moria_gazebo/share/moria_gazebo/environment/ament_prefix_path.sh
[26.970s] -- Symlinking: /home/kemaltml/moria_ws/install/moria_gazebo/share/moria_gazebo/environment/ament_prefix_path.dsv
[26.980s] -- Symlinking: /home/kemaltml/moria_ws/install/moria_gazebo/share/moria_gazebo/environment/path.sh
[26.990s] -- Symlinking: /home/kemaltml/moria_ws/install/moria_gazebo/share/moria_gazebo/environment/path.dsv
[27.000s] -- Symlinking: /home/kemaltml/moria_ws/install/moria_gazebo/share/moria_gazebo/local_setup.bash
[27.010s] -- Symlinking: /home/kemaltml/moria_ws/install/moria_gazebo/share/moria_gazebo/local_setup.sh
[27.019s] -- Symlinking: /home/kemaltml/moria_ws/install/moria_gazebo/share/moria_gazebo/local_setup.zsh
[27.027s] -- Symlinking: /home/kemaltml/moria_ws/install/moria_gazebo/share/moria_gazebo/local_setup.dsv
[27.036s] -- Symlinking: /home/kemaltml/moria_ws/install/moria_gazebo/share/moria_gazebo/package.dsv
[27.045s] -- Symlinking: /home/kemaltml/moria_ws/install/moria_gazebo/share/ament_index/resource_index/packages/moria_gazebo
[27.053s] -- Symlinking: /home/kemaltml/moria_ws/install/moria_gazebo/share/moria_gazebo/cmake/ament_cmake_export_include_directories-extras.cmake
[27.062s] -- Symlinking: /home/kemaltml/moria_ws/install/moria_gazebo/share/moria_gazebo/cmake/ament_cmake_export_dependencies-extras.cmake
[27.072s] -- Symlinking: /home/kemaltml/moria_ws/install/moria_gazebo/share/moria_gazebo/cmake/moria_gazeboConfig.cmake
[27.083s] -- Symlinking: /home/kemaltml/moria_ws/install/moria_gazebo/share/moria_gazebo/cmake/moria_gazeboConfig-version.cmake
[27.092s] -- Symlinking: /home/kemaltml/moria_ws/install/moria_gazebo/share/moria_gazebo/package.xml
[27.103s] Invoked command in '/home/kemaltml/moria_ws/build/moria_gazebo' returned '0': CMAKE_PREFIX_PATH=/opt/ros/iron /usr/bin/cmake --install /home/kemaltml/moria_ws/build/moria_gazebo
