[5.207s] DEBUG:colcon:Command line arguments: ['/usr/bin/colcon', 'build', '--symlink-install']
[5.207s] DEBUG:colcon:Parsed command line arguments: Namespace(log_base=None, log_level=None, verb_name='build', build_base='build', install_base='install', merge_install=False, symlink_install=True, test_result_base=None, continue_on_error=False, executor='parallel', parallel_workers=8, event_handlers=None, ignore_user_meta=False, metas=['./colcon.meta'], base_paths=['.'], packages_ignore=None, packages_ignore_regex=None, paths=None, packages_up_to=None, packages_up_to_regex=None, packages_above=None, packages_above_and_dependencies=None, packages_above_depth=None, packages_select_by_dep=None, packages_skip_by_dep=None, packages_skip_up_to=None, packages_select_build_failed=False, packages_skip_build_finished=False, packages_select_test_failures=False, packages_skip_test_passed=False, packages_select=None, packages_skip=None, packages_select_regex=None, packages_skip_regex=None, packages_start=None, packages_end=None, allow_overriding=[], cmake_args=None, cmake_target=None, cmake_target_skip_unavailable=False, cmake_clean_cache=False, cmake_clean_first=False, cmake_force_configure=False, ament_cmake_args=None, catkin_cmake_args=None, catkin_skip_building_tests=False, mixin_files=None, mixin=None, verb_parser=<colcon_mixin.mixin.mixin_argument.MixinArgumentDecorator object at 0x78865c712bf0>, verb_extension=<colcon_core.verb.build.BuildVerb object at 0x78865c712620>, main=<bound method BuildVerb.main of <colcon_core.verb.build.BuildVerb object at 0x78865c712620>>, mixin_verb=('build',))
[6.926s] Level 1:colcon.colcon_core.package_discovery:discover_packages(colcon_meta) check parameters
[6.926s] Level 1:colcon.colcon_core.package_discovery:discover_packages(recursive) check parameters
[6.926s] Level 1:colcon.colcon_core.package_discovery:discover_packages(ignore) check parameters
[6.926s] Level 1:colcon.colcon_core.package_discovery:discover_packages(path) check parameters
[6.926s] Level 1:colcon.colcon_core.package_discovery:discover_packages(colcon_meta) discover
[6.927s] Level 1:colcon.colcon_core.package_discovery:discover_packages(recursive) discover
[6.927s] INFO:colcon.colcon_core.package_discovery:Crawling recursively for packages in '/home/kemaltml/moria_ws'
[6.927s] Level 1:colcon.colcon_core.package_identification:_identify(.) by extensions ['ignore', 'ignore_ament_install']
[6.927s] Level 1:colcon.colcon_core.package_identification:_identify(.) by extension 'ignore'
[6.927s] Level 1:colcon.colcon_core.package_identification:_identify(.) by extension 'ignore_ament_install'
[6.927s] Level 1:colcon.colcon_core.package_identification:_identify(.) by extensions ['colcon_pkg']
[6.927s] Level 1:colcon.colcon_core.package_identification:_identify(.) by extension 'colcon_pkg'
[6.927s] Level 1:colcon.colcon_core.package_identification:_identify(.) by extensions ['colcon_meta']
[6.927s] Level 1:colcon.colcon_core.package_identification:_identify(.) by extension 'colcon_meta'
[6.927s] Level 1:colcon.colcon_core.package_identification:_identify(.) by extensions ['ros']
[6.927s] Level 1:colcon.colcon_core.package_identification:_identify(.) by extension 'ros'
[7.001s] Level 1:colcon.colcon_core.package_identification:_identify(.) by extensions ['cmake', 'python']
[7.001s] Level 1:colcon.colcon_core.package_identification:_identify(.) by extension 'cmake'
[7.001s] Level 1:colcon.colcon_core.package_identification:_identify(.) by extension 'python'
[7.001s] Level 1:colcon.colcon_core.package_identification:_identify(.) by extensions ['python_setup_py']
[7.001s] Level 1:colcon.colcon_core.package_identification:_identify(.) by extension 'python_setup_py'
[7.001s] Level 1:colcon.colcon_core.package_identification:_identify(build) by extensions ['ignore', 'ignore_ament_install']
[7.001s] Level 1:colcon.colcon_core.package_identification:_identify(build) by extension 'ignore'
[7.001s] Level 1:colcon.colcon_core.package_identification:_identify(build) ignored
[7.001s] Level 1:colcon.colcon_core.package_identification:_identify(install) by extensions ['ignore', 'ignore_ament_install']
[7.002s] Level 1:colcon.colcon_core.package_identification:_identify(install) by extension 'ignore'
[7.002s] Level 1:colcon.colcon_core.package_identification:_identify(install) ignored
[7.002s] Level 1:colcon.colcon_core.package_identification:_identify(log) by extensions ['ignore', 'ignore_ament_install']
[7.002s] Level 1:colcon.colcon_core.package_identification:_identify(log) by extension 'ignore'
[7.002s] Level 1:colcon.colcon_core.package_identification:_identify(log) ignored
[7.002s] Level 1:colcon.colcon_core.package_identification:_identify(src) by extensions ['ignore', 'ignore_ament_install']
[7.002s] Level 1:colcon.colcon_core.package_identification:_identify(src) by extension 'ignore'
[7.002s] Level 1:colcon.colcon_core.package_identification:_identify(src) by extension 'ignore_ament_install'
[7.002s] Level 1:colcon.colcon_core.package_identification:_identify(src) by extensions ['colcon_pkg']
[7.002s] Level 1:colcon.colcon_core.package_identification:_identify(src) by extension 'colcon_pkg'
[7.002s] Level 1:colcon.colcon_core.package_identification:_identify(src) by extensions ['colcon_meta']
[7.002s] Level 1:colcon.colcon_core.package_identification:_identify(src) by extension 'colcon_meta'
[7.002s] Level 1:colcon.colcon_core.package_identification:_identify(src) by extensions ['ros']
[7.002s] Level 1:colcon.colcon_core.package_identification:_identify(src) by extension 'ros'
[7.002s] Level 1:colcon.colcon_core.package_identification:_identify(src) by extensions ['cmake', 'python']
[7.002s] Level 1:colcon.colcon_core.package_identification:_identify(src) by extension 'cmake'
[7.002s] Level 1:colcon.colcon_core.package_identification:_identify(src) by extension 'python'
[7.003s] Level 1:colcon.colcon_core.package_identification:_identify(src) by extensions ['python_setup_py']
[7.003s] Level 1:colcon.colcon_core.package_identification:_identify(src) by extension 'python_setup_py'
[7.003s] Level 1:colcon.colcon_core.package_identification:_identify(src/moria) by extensions ['ignore', 'ignore_ament_install']
[7.003s] Level 1:colcon.colcon_core.package_identification:_identify(src/moria) by extension 'ignore'
[7.003s] Level 1:colcon.colcon_core.package_identification:_identify(src/moria) by extension 'ignore_ament_install'
[7.003s] Level 1:colcon.colcon_core.package_identification:_identify(src/moria) by extensions ['colcon_pkg']
[7.003s] Level 1:colcon.colcon_core.package_identification:_identify(src/moria) by extension 'colcon_pkg'
[7.003s] Level 1:colcon.colcon_core.package_identification:_identify(src/moria) by extensions ['colcon_meta']
[7.003s] Level 1:colcon.colcon_core.package_identification:_identify(src/moria) by extension 'colcon_meta'
[7.003s] Level 1:colcon.colcon_core.package_identification:_identify(src/moria) by extensions ['ros']
[7.003s] Level 1:colcon.colcon_core.package_identification:_identify(src/moria) by extension 'ros'
[7.003s] Level 1:colcon.colcon_core.package_identification:_identify(src/moria) by extensions ['cmake', 'python']
[7.003s] Level 1:colcon.colcon_core.package_identification:_identify(src/moria) by extension 'cmake'
[7.003s] Level 1:colcon.colcon_core.package_identification:_identify(src/moria) by extension 'python'
[7.003s] Level 1:colcon.colcon_core.package_identification:_identify(src/moria) by extensions ['python_setup_py']
[7.003s] Level 1:colcon.colcon_core.package_identification:_identify(src/moria) by extension 'python_setup_py'
[7.004s] Level 1:colcon.colcon_core.package_identification:_identify(src/moria/moria_bringup) by extensions ['ignore', 'ignore_ament_install']
[7.004s] Level 1:colcon.colcon_core.package_identification:_identify(src/moria/moria_bringup) by extension 'ignore'
[7.004s] Level 1:colcon.colcon_core.package_identification:_identify(src/moria/moria_bringup) by extension 'ignore_ament_install'
[7.004s] Level 1:colcon.colcon_core.package_identification:_identify(src/moria/moria_bringup) by extensions ['colcon_pkg']
[7.004s] Level 1:colcon.colcon_core.package_identification:_identify(src/moria/moria_bringup) by extension 'colcon_pkg'
[7.004s] Level 1:colcon.colcon_core.package_identification:_identify(src/moria/moria_bringup) by extensions ['colcon_meta']
[7.004s] Level 1:colcon.colcon_core.package_identification:_identify(src/moria/moria_bringup) by extension 'colcon_meta'
[7.004s] Level 1:colcon.colcon_core.package_identification:_identify(src/moria/moria_bringup) by extensions ['ros']
[7.004s] Level 1:colcon.colcon_core.package_identification:_identify(src/moria/moria_bringup) by extension 'ros'
[7.084s] DEBUG:colcon.colcon_core.package_identification:Package 'src/moria/moria_bringup' with type 'ros.ament_cmake' and name 'moria_bringup'
[7.084s] Level 1:colcon.colcon_core.package_identification:_identify(src/moria/moria_description) by extensions ['ignore', 'ignore_ament_install']
[7.085s] Level 1:colcon.colcon_core.package_identification:_identify(src/moria/moria_description) by extension 'ignore'
[7.085s] Level 1:colcon.colcon_core.package_identification:_identify(src/moria/moria_description) by extension 'ignore_ament_install'
[7.085s] Level 1:colcon.colcon_core.package_identification:_identify(src/moria/moria_description) by extensions ['colcon_pkg']
[7.085s] Level 1:colcon.colcon_core.package_identification:_identify(src/moria/moria_description) by extension 'colcon_pkg'
[7.085s] Level 1:colcon.colcon_core.package_identification:_identify(src/moria/moria_description) by extensions ['colcon_meta']
[7.085s] Level 1:colcon.colcon_core.package_identification:_identify(src/moria/moria_description) by extension 'colcon_meta'
[7.085s] Level 1:colcon.colcon_core.package_identification:_identify(src/moria/moria_description) by extensions ['ros']
[7.085s] Level 1:colcon.colcon_core.package_identification:_identify(src/moria/moria_description) by extension 'ros'
[7.101s] DEBUG:colcon.colcon_core.package_identification:Package 'src/moria/moria_description' with type 'ros.ament_cmake' and name 'moria_description'
[7.102s] Level 1:colcon.colcon_core.package_identification:_identify(src/moria/moria_gazebo) by extensions ['ignore', 'ignore_ament_install']
[7.102s] Level 1:colcon.colcon_core.package_identification:_identify(src/moria/moria_gazebo) by extension 'ignore'
[7.102s] Level 1:colcon.colcon_core.package_identification:_identify(src/moria/moria_gazebo) by extension 'ignore_ament_install'
[7.103s] Level 1:colcon.colcon_core.package_identification:_identify(src/moria/moria_gazebo) by extensions ['colcon_pkg']
[7.103s] Level 1:colcon.colcon_core.package_identification:_identify(src/moria/moria_gazebo) by extension 'colcon_pkg'
[7.103s] Level 1:colcon.colcon_core.package_identification:_identify(src/moria/moria_gazebo) by extensions ['colcon_meta']
[7.103s] Level 1:colcon.colcon_core.package_identification:_identify(src/moria/moria_gazebo) by extension 'colcon_meta'
[7.103s] Level 1:colcon.colcon_core.package_identification:_identify(src/moria/moria_gazebo) by extensions ['ros']
[7.103s] Level 1:colcon.colcon_core.package_identification:_identify(src/moria/moria_gazebo) by extension 'ros'
[7.117s] DEBUG:colcon.colcon_core.package_identification:Package 'src/moria/moria_gazebo' with type 'ros.ament_cmake' and name 'moria_gazebo'
[7.117s] Level 1:colcon.colcon_core.package_discovery:discover_packages(recursive) using defaults
[7.117s] Level 1:colcon.colcon_core.package_discovery:discover_packages(ignore) discover
[7.118s] Level 1:colcon.colcon_core.package_discovery:discover_packages(ignore) using defaults
[7.118s] Level 1:colcon.colcon_core.package_discovery:discover_packages(path) discover
[7.118s] Level 1:colcon.colcon_core.package_discovery:discover_packages(path) using defaults
