[0.113s] DEBUG:colcon:Command line arguments: ['/usr/bin/colcon', 'build', '--symlink-install']
[0.113s] DEBUG:colcon:Parsed command line arguments: Namespace(log_base=None, log_level=None, verb_name='build', build_base='build', install_base='install', merge_install=False, symlink_install=True, test_result_base=None, continue_on_error=False, executor='parallel', parallel_workers=8, event_handlers=None, ignore_user_meta=False, metas=['./colcon.meta'], base_paths=['.'], packages_ignore=None, packages_ignore_regex=None, paths=None, packages_up_to=None, packages_up_to_regex=None, packages_above=None, packages_above_and_dependencies=None, packages_above_depth=None, packages_select_by_dep=None, packages_skip_by_dep=None, packages_skip_up_to=None, packages_select_build_failed=False, packages_skip_build_finished=False, packages_select_test_failures=False, packages_skip_test_passed=False, packages_select=None, packages_skip=None, packages_select_regex=None, packages_skip_regex=None, packages_start=None, packages_end=None, allow_overriding=[], cmake_args=None, cmake_target=None, cmake_target_skip_unavailable=False, cmake_clean_cache=False, cmake_clean_first=False, cmake_force_configure=False, ament_cmake_args=None, catkin_cmake_args=None, catkin_skip_building_tests=False, mixin_files=None, mixin=None, verb_parser=<colcon_mixin.mixin.mixin_argument.MixinArgumentDecorator object at 0x7e1ca1b52bf0>, verb_extension=<colcon_core.verb.build.BuildVerb object at 0x7e1ca1b52620>, main=<bound method BuildVerb.main of <colcon_core.verb.build.BuildVerb object at 0x7e1ca1b52620>>, mixin_verb=('build',))
[0.298s] Level 1:colcon.colcon_core.package_discovery:discover_packages(colcon_meta) check parameters
[0.298s] Level 1:colcon.colcon_core.package_discovery:discover_packages(recursive) check parameters
[0.298s] Level 1:colcon.colcon_core.package_discovery:discover_packages(ignore) check parameters
[0.298s] Level 1:colcon.colcon_core.package_discovery:discover_packages(path) check parameters
[0.298s] Level 1:colcon.colcon_core.package_discovery:discover_packages(colcon_meta) discover
[0.299s] Level 1:colcon.colcon_core.package_discovery:discover_packages(recursive) discover
[0.299s] INFO:colcon.colcon_core.package_discovery:Crawling recursively for packages in '/home/kemaltml/moria_ws'
[0.299s] Level 1:colcon.colcon_core.package_identification:_identify(.) by extensions ['ignore', 'ignore_ament_install']
[0.299s] Level 1:colcon.colcon_core.package_identification:_identify(.) by extension 'ignore'
[0.299s] Level 1:colcon.colcon_core.package_identification:_identify(.) by extension 'ignore_ament_install'
[0.299s] Level 1:colcon.colcon_core.package_identification:_identify(.) by extensions ['colcon_pkg']
[0.299s] Level 1:colcon.colcon_core.package_identification:_identify(.) by extension 'colcon_pkg'
[0.299s] Level 1:colcon.colcon_core.package_identification:_identify(.) by extensions ['colcon_meta']
[0.299s] Level 1:colcon.colcon_core.package_identification:_identify(.) by extension 'colcon_meta'
[0.299s] Level 1:colcon.colcon_core.package_identification:_identify(.) by extensions ['ros']
[0.299s] Level 1:colcon.colcon_core.package_identification:_identify(.) by extension 'ros'
[0.311s] Level 1:colcon.colcon_core.package_identification:_identify(.) by extensions ['cmake', 'python']
[0.311s] Level 1:colcon.colcon_core.package_identification:_identify(.) by extension 'cmake'
[0.311s] Level 1:colcon.colcon_core.package_identification:_identify(.) by extension 'python'
[0.311s] Level 1:colcon.colcon_core.package_identification:_identify(.) by extensions ['python_setup_py']
[0.311s] Level 1:colcon.colcon_core.package_identification:_identify(.) by extension 'python_setup_py'
[0.311s] Level 1:colcon.colcon_core.package_identification:_identify(build) by extensions ['ignore', 'ignore_ament_install']
[0.311s] Level 1:colcon.colcon_core.package_identification:_identify(build) by extension 'ignore'
[0.311s] Level 1:colcon.colcon_core.package_identification:_identify(build) ignored
[0.312s] Level 1:colcon.colcon_core.package_identification:_identify(install) by extensions ['ignore', 'ignore_ament_install']
[0.312s] Level 1:colcon.colcon_core.package_identification:_identify(install) by extension 'ignore'
[0.312s] Level 1:colcon.colcon_core.package_identification:_identify(install) ignored
[0.312s] Level 1:colcon.colcon_core.package_identification:_identify(log) by extensions ['ignore', 'ignore_ament_install']
[0.312s] Level 1:colcon.colcon_core.package_identification:_identify(log) by extension 'ignore'
[0.312s] Level 1:colcon.colcon_core.package_identification:_identify(log) ignored
[0.312s] Level 1:colcon.colcon_core.package_identification:_identify(src) by extensions ['ignore', 'ignore_ament_install']
[0.312s] Level 1:colcon.colcon_core.package_identification:_identify(src) by extension 'ignore'
[0.312s] Level 1:colcon.colcon_core.package_identification:_identify(src) by extension 'ignore_ament_install'
[0.313s] Level 1:colcon.colcon_core.package_identification:_identify(src) by extensions ['colcon_pkg']
[0.313s] Level 1:colcon.colcon_core.package_identification:_identify(src) by extension 'colcon_pkg'
[0.313s] Level 1:colcon.colcon_core.package_identification:_identify(src) by extensions ['colcon_meta']
[0.313s] Level 1:colcon.colcon_core.package_identification:_identify(src) by extension 'colcon_meta'
[0.313s] Level 1:colcon.colcon_core.package_identification:_identify(src) by extensions ['ros']
[0.313s] Level 1:colcon.colcon_core.package_identification:_identify(src) by extension 'ros'
[0.313s] Level 1:colcon.colcon_core.package_identification:_identify(src) by extensions ['cmake', 'python']
[0.313s] Level 1:colcon.colcon_core.package_identification:_identify(src) by extension 'cmake'
[0.313s] Level 1:colcon.colcon_core.package_identification:_identify(src) by extension 'python'
[0.313s] Level 1:colcon.colcon_core.package_identification:_identify(src) by extensions ['python_setup_py']
[0.313s] Level 1:colcon.colcon_core.package_identification:_identify(src) by extension 'python_setup_py'
[0.313s] Level 1:colcon.colcon_core.package_identification:_identify(src/moria) by extensions ['ignore', 'ignore_ament_install']
[0.313s] Level 1:colcon.colcon_core.package_identification:_identify(src/moria) by extension 'ignore'
[0.313s] Level 1:colcon.colcon_core.package_identification:_identify(src/moria) by extension 'ignore_ament_install'
[0.313s] Level 1:colcon.colcon_core.package_identification:_identify(src/moria) by extensions ['colcon_pkg']
[0.313s] Level 1:colcon.colcon_core.package_identification:_identify(src/moria) by extension 'colcon_pkg'
[0.314s] Level 1:colcon.colcon_core.package_identification:_identify(src/moria) by extensions ['colcon_meta']
[0.314s] Level 1:colcon.colcon_core.package_identification:_identify(src/moria) by extension 'colcon_meta'
[0.314s] Level 1:colcon.colcon_core.package_identification:_identify(src/moria) by extensions ['ros']
[0.314s] Level 1:colcon.colcon_core.package_identification:_identify(src/moria) by extension 'ros'
[0.314s] Level 1:colcon.colcon_core.package_identification:_identify(src/moria) by extensions ['cmake', 'python']
[0.314s] Level 1:colcon.colcon_core.package_identification:_identify(src/moria) by extension 'cmake'
[0.314s] Level 1:colcon.colcon_core.package_identification:_identify(src/moria) by extension 'python'
[0.314s] Level 1:colcon.colcon_core.package_identification:_identify(src/moria) by extensions ['python_setup_py']
[0.314s] Level 1:colcon.colcon_core.package_identification:_identify(src/moria) by extension 'python_setup_py'
[0.314s] Level 1:colcon.colcon_core.package_identification:_identify(src/moria/moria_bringup) by extensions ['ignore', 'ignore_ament_install']
[0.314s] Level 1:colcon.colcon_core.package_identification:_identify(src/moria/moria_bringup) by extension 'ignore'
[0.314s] Level 1:colcon.colcon_core.package_identification:_identify(src/moria/moria_bringup) by extension 'ignore_ament_install'
[0.314s] Level 1:colcon.colcon_core.package_identification:_identify(src/moria/moria_bringup) by extensions ['colcon_pkg']
[0.314s] Level 1:colcon.colcon_core.package_identification:_identify(src/moria/moria_bringup) by extension 'colcon_pkg'
[0.315s] Level 1:colcon.colcon_core.package_identification:_identify(src/moria/moria_bringup) by extensions ['colcon_meta']
[0.315s] Level 1:colcon.colcon_core.package_identification:_identify(src/moria/moria_bringup) by extension 'colcon_meta'
[0.315s] Level 1:colcon.colcon_core.package_identification:_identify(src/moria/moria_bringup) by extensions ['ros']
[0.315s] Level 1:colcon.colcon_core.package_identification:_identify(src/moria/moria_bringup) by extension 'ros'
[0.317s] DEBUG:colcon.colcon_core.package_identification:Package 'src/moria/moria_bringup' with type 'ros.ament_cmake' and name 'moria_bringup'
[0.317s] Level 1:colcon.colcon_core.package_identification:_identify(src/moria/moria_description) by extensions ['ignore', 'ignore_ament_install']
[0.318s] Level 1:colcon.colcon_core.package_identification:_identify(src/moria/moria_description) by extension 'ignore'
[0.318s] Level 1:colcon.colcon_core.package_identification:_identify(src/moria/moria_description) by extension 'ignore_ament_install'
[0.318s] Level 1:colcon.colcon_core.package_identification:_identify(src/moria/moria_description) by extensions ['colcon_pkg']
[0.318s] Level 1:colcon.colcon_core.package_identification:_identify(src/moria/moria_description) by extension 'colcon_pkg'
[0.318s] Level 1:colcon.colcon_core.package_identification:_identify(src/moria/moria_description) by extensions ['colcon_meta']
[0.318s] Level 1:colcon.colcon_core.package_identification:_identify(src/moria/moria_description) by extension 'colcon_meta'
[0.318s] Level 1:colcon.colcon_core.package_identification:_identify(src/moria/moria_description) by extensions ['ros']
[0.318s] Level 1:colcon.colcon_core.package_identification:_identify(src/moria/moria_description) by extension 'ros'
[0.320s] DEBUG:colcon.colcon_core.package_identification:Package 'src/moria/moria_description' with type 'ros.ament_cmake' and name 'moria_description'
[0.320s] Level 1:colcon.colcon_core.package_identification:_identify(src/moria/moria_gazebo) by extensions ['ignore', 'ignore_ament_install']
[0.320s] Level 1:colcon.colcon_core.package_identification:_identify(src/moria/moria_gazebo) by extension 'ignore'
[0.320s] Level 1:colcon.colcon_core.package_identification:_identify(src/moria/moria_gazebo) by extension 'ignore_ament_install'
[0.320s] Level 1:colcon.colcon_core.package_identification:_identify(src/moria/moria_gazebo) by extensions ['colcon_pkg']
[0.320s] Level 1:colcon.colcon_core.package_identification:_identify(src/moria/moria_gazebo) by extension 'colcon_pkg'
[0.320s] Level 1:colcon.colcon_core.package_identification:_identify(src/moria/moria_gazebo) by extensions ['colcon_meta']
[0.321s] Level 1:colcon.colcon_core.package_identification:_identify(src/moria/moria_gazebo) by extension 'colcon_meta'
[0.321s] Level 1:colcon.colcon_core.package_identification:_identify(src/moria/moria_gazebo) by extensions ['ros']
[0.321s] Level 1:colcon.colcon_core.package_identification:_identify(src/moria/moria_gazebo) by extension 'ros'
[0.322s] DEBUG:colcon.colcon_core.package_identification:Package 'src/moria/moria_gazebo' with type 'ros.ament_cmake' and name 'moria_gazebo'
[0.322s] Level 1:colcon.colcon_core.package_discovery:discover_packages(recursive) using defaults
[0.322s] Level 1:colcon.colcon_core.package_discovery:discover_packages(ignore) discover
[0.322s] Level 1:colcon.colcon_core.package_discovery:discover_packages(ignore) using defaults
[0.322s] Level 1:colcon.colcon_core.package_discovery:discover_packages(path) discover
[0.322s] Level 1:colcon.colcon_core.package_discovery:discover_packages(path) using defaults
[0.353s] Level 1:colcon.colcon_core.package_discovery:discover_packages(prefix_path) check parameters
[0.353s] Level 1:colcon.colcon_core.package_discovery:discover_packages(prefix_path) discover
[0.356s] DEBUG:colcon.colcon_installed_package_information.package_discovery:Found 413 installed packages in /opt/ros/iron
[0.358s] Level 1:colcon.colcon_core.package_discovery:discover_packages(prefix_path) using defaults
[0.413s] Level 5:colcon.colcon_core.verb:set package 'moria_description' build argument 'cmake_args' from command line to 'None'
[0.413s] Level 5:colcon.colcon_core.verb:set package 'moria_description' build argument 'cmake_target' from command line to 'None'
[0.413s] Level 5:colcon.colcon_core.verb:set package 'moria_description' build argument 'cmake_target_skip_unavailable' from command line to 'False'
[0.413s] Level 5:colcon.colcon_core.verb:set package 'moria_description' build argument 'cmake_clean_cache' from command line to 'False'
[0.413s] Level 5:colcon.colcon_core.verb:set package 'moria_description' build argument 'cmake_clean_first' from command line to 'False'
[0.413s] Level 5:colcon.colcon_core.verb:set package 'moria_description' build argument 'cmake_force_configure' from command line to 'False'
[0.413s] Level 5:colcon.colcon_core.verb:set package 'moria_description' build argument 'ament_cmake_args' from command line to 'None'
[0.413s] Level 5:colcon.colcon_core.verb:set package 'moria_description' build argument 'catkin_cmake_args' from command line to 'None'
[0.413s] Level 5:colcon.colcon_core.verb:set package 'moria_description' build argument 'catkin_skip_building_tests' from command line to 'False'
[0.414s] DEBUG:colcon.colcon_core.verb:Building package 'moria_description' with the following arguments: {'ament_cmake_args': None, 'build_base': '/home/kemaltml/moria_ws/build/moria_description', 'catkin_cmake_args': None, 'catkin_skip_building_tests': False, 'cmake_args': None, 'cmake_clean_cache': False, 'cmake_clean_first': False, 'cmake_force_configure': False, 'cmake_target': None, 'cmake_target_skip_unavailable': False, 'install_base': '/home/kemaltml/moria_ws/install/moria_description', 'merge_install': False, 'path': '/home/kemaltml/moria_ws/src/moria/moria_description', 'symlink_install': True, 'test_result_base': None}
[0.414s] Level 5:colcon.colcon_core.verb:set package 'moria_gazebo' build argument 'cmake_args' from command line to 'None'
[0.414s] Level 5:colcon.colcon_core.verb:set package 'moria_gazebo' build argument 'cmake_target' from command line to 'None'
[0.414s] Level 5:colcon.colcon_core.verb:set package 'moria_gazebo' build argument 'cmake_target_skip_unavailable' from command line to 'False'
[0.414s] Level 5:colcon.colcon_core.verb:set package 'moria_gazebo' build argument 'cmake_clean_cache' from command line to 'False'
[0.414s] Level 5:colcon.colcon_core.verb:set package 'moria_gazebo' build argument 'cmake_clean_first' from command line to 'False'
[0.414s] Level 5:colcon.colcon_core.verb:set package 'moria_gazebo' build argument 'cmake_force_configure' from command line to 'False'
[0.414s] Level 5:colcon.colcon_core.verb:set package 'moria_gazebo' build argument 'ament_cmake_args' from command line to 'None'
[0.414s] Level 5:colcon.colcon_core.verb:set package 'moria_gazebo' build argument 'catkin_cmake_args' from command line to 'None'
[0.414s] Level 5:colcon.colcon_core.verb:set package 'moria_gazebo' build argument 'catkin_skip_building_tests' from command line to 'False'
[0.414s] DEBUG:colcon.colcon_core.verb:Building package 'moria_gazebo' with the following arguments: {'ament_cmake_args': None, 'build_base': '/home/kemaltml/moria_ws/build/moria_gazebo', 'catkin_cmake_args': None, 'catkin_skip_building_tests': False, 'cmake_args': None, 'cmake_clean_cache': False, 'cmake_clean_first': False, 'cmake_force_configure': False, 'cmake_target': None, 'cmake_target_skip_unavailable': False, 'install_base': '/home/kemaltml/moria_ws/install/moria_gazebo', 'merge_install': False, 'path': '/home/kemaltml/moria_ws/src/moria/moria_gazebo', 'symlink_install': True, 'test_result_base': None}
[0.415s] Level 5:colcon.colcon_core.verb:set package 'moria_bringup' build argument 'cmake_args' from command line to 'None'
[0.415s] Level 5:colcon.colcon_core.verb:set package 'moria_bringup' build argument 'cmake_target' from command line to 'None'
[0.415s] Level 5:colcon.colcon_core.verb:set package 'moria_bringup' build argument 'cmake_target_skip_unavailable' from command line to 'False'
[0.415s] Level 5:colcon.colcon_core.verb:set package 'moria_bringup' build argument 'cmake_clean_cache' from command line to 'False'
[0.415s] Level 5:colcon.colcon_core.verb:set package 'moria_bringup' build argument 'cmake_clean_first' from command line to 'False'
[0.415s] Level 5:colcon.colcon_core.verb:set package 'moria_bringup' build argument 'cmake_force_configure' from command line to 'False'
[0.415s] Level 5:colcon.colcon_core.verb:set package 'moria_bringup' build argument 'ament_cmake_args' from command line to 'None'
[0.415s] Level 5:colcon.colcon_core.verb:set package 'moria_bringup' build argument 'catkin_cmake_args' from command line to 'None'
[0.415s] Level 5:colcon.colcon_core.verb:set package 'moria_bringup' build argument 'catkin_skip_building_tests' from command line to 'False'
[0.415s] DEBUG:colcon.colcon_core.verb:Building package 'moria_bringup' with the following arguments: {'ament_cmake_args': None, 'build_base': '/home/kemaltml/moria_ws/build/moria_bringup', 'catkin_cmake_args': None, 'catkin_skip_building_tests': False, 'cmake_args': None, 'cmake_clean_cache': False, 'cmake_clean_first': False, 'cmake_force_configure': False, 'cmake_target': None, 'cmake_target_skip_unavailable': False, 'install_base': '/home/kemaltml/moria_ws/install/moria_bringup', 'merge_install': False, 'path': '/home/kemaltml/moria_ws/src/moria/moria_bringup', 'symlink_install': True, 'test_result_base': None}
[0.415s] INFO:colcon.colcon_core.executor:Executing jobs using 'parallel' executor
[0.417s] DEBUG:colcon.colcon_parallel_executor.executor.parallel:run_until_complete
[0.417s] INFO:colcon.colcon_ros.task.ament_cmake.build:Building ROS package in '/home/kemaltml/moria_ws/src/moria/moria_description' with build type 'ament_cmake'
[0.417s] INFO:colcon.colcon_cmake.task.cmake.build:Building CMake package in '/home/kemaltml/moria_ws/src/moria/moria_description'
[0.420s] INFO:colcon.colcon_core.plugin_system:Skipping extension 'colcon_core.shell.bat': Not used on non-Windows systems
[0.420s] INFO:colcon.colcon_core.shell:Skip shell extension 'powershell' for command environment: Not usable outside of PowerShell
[0.420s] DEBUG:colcon.colcon_core.shell:Skip shell extension 'dsv' for command environment
[0.424s] INFO:colcon.colcon_ros.task.ament_cmake.build:Building ROS package in '/home/kemaltml/moria_ws/src/moria/moria_gazebo' with build type 'ament_cmake'
[0.424s] INFO:colcon.colcon_cmake.task.cmake.build:Building CMake package in '/home/kemaltml/moria_ws/src/moria/moria_gazebo'
[0.424s] INFO:colcon.colcon_core.shell:Skip shell extension 'powershell' for command environment: Not usable outside of PowerShell
[0.425s] DEBUG:colcon.colcon_core.shell:Skip shell extension 'dsv' for command environment
[0.436s] DEBUG:colcon.colcon_core.event_handler.log_command:Invoking command in '/home/kemaltml/moria_ws/build/moria_description': CMAKE_PREFIX_PATH=/opt/ros/iron /usr/bin/cmake --build /home/kemaltml/moria_ws/build/moria_description -- -j8 -l8
[0.443s] DEBUG:colcon.colcon_core.event_handler.log_command:Invoking command in '/home/kemaltml/moria_ws/build/moria_gazebo': CMAKE_PREFIX_PATH=/opt/ros/iron /usr/bin/cmake --build /home/kemaltml/moria_ws/build/moria_gazebo -- -j8 -l8
[0.482s] DEBUG:colcon.colcon_core.event_handler.log_command:Invoked command in '/home/kemaltml/moria_ws/build/moria_description' returned '0': CMAKE_PREFIX_PATH=/opt/ros/iron /usr/bin/cmake --build /home/kemaltml/moria_ws/build/moria_description -- -j8 -l8
[0.521s] DEBUG:colcon.colcon_core.event_handler.log_command:Invoking command in '/home/kemaltml/moria_ws/build/moria_description': CMAKE_PREFIX_PATH=/opt/ros/iron /usr/bin/cmake --install /home/kemaltml/moria_ws/build/moria_description
[0.531s] DEBUG:colcon.colcon_core.event_handler.log_command:Invoked command in '/home/kemaltml/moria_ws/build/moria_gazebo' returned '0': CMAKE_PREFIX_PATH=/opt/ros/iron /usr/bin/cmake --build /home/kemaltml/moria_ws/build/moria_gazebo -- -j8 -l8
[0.556s] Level 1:colcon.colcon_core.environment:create_environment_scripts_only(moria_description)
[0.557s] DEBUG:colcon.colcon_core.event_handler.log_command:Invoked command in '/home/kemaltml/moria_ws/build/moria_description' returned '0': CMAKE_PREFIX_PATH=/opt/ros/iron /usr/bin/cmake --install /home/kemaltml/moria_ws/build/moria_description
[0.560s] Level 1:colcon.colcon_core.environment:checking '/home/kemaltml/moria_ws/install/moria_description' for CMake module files
[0.561s] Level 1:colcon.colcon_core.environment:checking '/home/kemaltml/moria_ws/install/moria_description' for CMake config files
[0.561s] Level 1:colcon.colcon_core.shell:create_environment_hook('moria_description', 'cmake_prefix_path')
[0.562s] INFO:colcon.colcon_core.shell:Creating environment hook '/home/kemaltml/moria_ws/install/moria_description/share/moria_description/hook/cmake_prefix_path.ps1'
[0.563s] INFO:colcon.colcon_core.shell:Creating environment descriptor '/home/kemaltml/moria_ws/install/moria_description/share/moria_description/hook/cmake_prefix_path.dsv'
[0.564s] INFO:colcon.colcon_core.shell:Creating environment hook '/home/kemaltml/moria_ws/install/moria_description/share/moria_description/hook/cmake_prefix_path.sh'
[0.565s] Level 1:colcon.colcon_core.environment:checking '/home/kemaltml/moria_ws/install/moria_description/bin'
[0.565s] Level 1:colcon.colcon_core.environment:checking '/home/kemaltml/moria_ws/install/moria_description/lib/pkgconfig/moria_description.pc'
[0.565s] Level 1:colcon.colcon_core.environment:checking '/home/kemaltml/moria_ws/install/moria_description/lib/python3.10/site-packages'
[0.566s] Level 1:colcon.colcon_core.environment:checking '/home/kemaltml/moria_ws/install/moria_description/bin'
[0.566s] INFO:colcon.colcon_core.shell:Creating package script '/home/kemaltml/moria_ws/install/moria_description/share/moria_description/package.ps1'
[0.567s] INFO:colcon.colcon_core.shell:Creating package descriptor '/home/kemaltml/moria_ws/install/moria_description/share/moria_description/package.dsv'
[0.568s] INFO:colcon.colcon_core.shell:Creating package script '/home/kemaltml/moria_ws/install/moria_description/share/moria_description/package.sh'
[0.569s] INFO:colcon.colcon_core.shell:Creating package script '/home/kemaltml/moria_ws/install/moria_description/share/moria_description/package.bash'
[0.570s] INFO:colcon.colcon_core.shell:Creating package script '/home/kemaltml/moria_ws/install/moria_description/share/moria_description/package.zsh'
[0.571s] Level 1:colcon.colcon_core.environment:create_file_with_runtime_dependencies(/home/kemaltml/moria_ws/install/moria_description/share/colcon-core/packages/moria_description)
[0.575s] DEBUG:colcon.colcon_core.event_handler.log_command:Invoking command in '/home/kemaltml/moria_ws/build/moria_gazebo': CMAKE_PREFIX_PATH=/opt/ros/iron /usr/bin/cmake --install /home/kemaltml/moria_ws/build/moria_gazebo
[0.598s] Level 1:colcon.colcon_core.environment:create_environment_scripts_only(moria_description)
[0.598s] Level 1:colcon.colcon_core.environment:checking '/home/kemaltml/moria_ws/install/moria_description' for CMake module files
[0.599s] Level 1:colcon.colcon_core.environment:checking '/home/kemaltml/moria_ws/install/moria_description' for CMake config files
[0.600s] Level 1:colcon.colcon_core.shell:create_environment_hook('moria_description', 'cmake_prefix_path')
[0.600s] INFO:colcon.colcon_core.shell:Creating environment hook '/home/kemaltml/moria_ws/install/moria_description/share/moria_description/hook/cmake_prefix_path.ps1'
[0.601s] INFO:colcon.colcon_core.shell:Creating environment descriptor '/home/kemaltml/moria_ws/install/moria_description/share/moria_description/hook/cmake_prefix_path.dsv'
[0.602s] INFO:colcon.colcon_core.shell:Creating environment hook '/home/kemaltml/moria_ws/install/moria_description/share/moria_description/hook/cmake_prefix_path.sh'
[0.602s] Level 1:colcon.colcon_core.environment:checking '/home/kemaltml/moria_ws/install/moria_description/bin'
[0.603s] Level 1:colcon.colcon_core.environment:checking '/home/kemaltml/moria_ws/install/moria_description/lib/pkgconfig/moria_description.pc'
[0.603s] Level 1:colcon.colcon_core.environment:checking '/home/kemaltml/moria_ws/install/moria_description/lib/python3.10/site-packages'
[0.604s] Level 1:colcon.colcon_core.environment:checking '/home/kemaltml/moria_ws/install/moria_description/bin'
[0.604s] INFO:colcon.colcon_core.shell:Creating package script '/home/kemaltml/moria_ws/install/moria_description/share/moria_description/package.ps1'
[0.606s] INFO:colcon.colcon_core.shell:Creating package descriptor '/home/kemaltml/moria_ws/install/moria_description/share/moria_description/package.dsv'
[0.607s] INFO:colcon.colcon_core.shell:Creating package script '/home/kemaltml/moria_ws/install/moria_description/share/moria_description/package.sh'
[0.608s] INFO:colcon.colcon_core.shell:Creating package script '/home/kemaltml/moria_ws/install/moria_description/share/moria_description/package.bash'
[0.609s] INFO:colcon.colcon_core.shell:Creating package script '/home/kemaltml/moria_ws/install/moria_description/share/moria_description/package.zsh'
[0.609s] Level 1:colcon.colcon_core.environment:create_file_with_runtime_dependencies(/home/kemaltml/moria_ws/install/moria_description/share/colcon-core/packages/moria_description)
[0.610s] INFO:colcon.colcon_ros.task.ament_cmake.build:Building ROS package in '/home/kemaltml/moria_ws/src/moria/moria_bringup' with build type 'ament_cmake'
[0.610s] INFO:colcon.colcon_cmake.task.cmake.build:Building CMake package in '/home/kemaltml/moria_ws/src/moria/moria_bringup'
[0.611s] INFO:colcon.colcon_core.shell:Skip shell extension 'powershell' for command environment: Not usable outside of PowerShell
[0.611s] DEBUG:colcon.colcon_core.shell:Skip shell extension 'dsv' for command environment
[0.619s] Level 1:colcon.colcon_core.environment:create_environment_scripts_only(moria_gazebo)
[0.621s] Level 1:colcon.colcon_core.environment:checking '/home/kemaltml/moria_ws/install/moria_gazebo' for CMake module files
[0.621s] DEBUG:colcon.colcon_core.event_handler.log_command:Invoked command in '/home/kemaltml/moria_ws/build/moria_gazebo' returned '0': CMAKE_PREFIX_PATH=/opt/ros/iron /usr/bin/cmake --install /home/kemaltml/moria_ws/build/moria_gazebo
[0.623s] Level 1:colcon.colcon_core.environment:checking '/home/kemaltml/moria_ws/install/moria_gazebo' for CMake config files
[0.623s] Level 1:colcon.colcon_core.shell:create_environment_hook('moria_gazebo', 'cmake_prefix_path')
[0.624s] INFO:colcon.colcon_core.shell:Creating environment hook '/home/kemaltml/moria_ws/install/moria_gazebo/share/moria_gazebo/hook/cmake_prefix_path.ps1'
[0.624s] INFO:colcon.colcon_core.shell:Creating environment descriptor '/home/kemaltml/moria_ws/install/moria_gazebo/share/moria_gazebo/hook/cmake_prefix_path.dsv'
[0.625s] INFO:colcon.colcon_core.shell:Creating environment hook '/home/kemaltml/moria_ws/install/moria_gazebo/share/moria_gazebo/hook/cmake_prefix_path.sh'
[0.625s] Level 1:colcon.colcon_core.environment:checking '/home/kemaltml/moria_ws/install/moria_gazebo/lib'
[0.626s] Level 1:colcon.colcon_core.environment:checking '/home/kemaltml/moria_ws/install/moria_gazebo/bin'
[0.626s] Level 1:colcon.colcon_core.environment:checking '/home/kemaltml/moria_ws/install/moria_gazebo/lib/pkgconfig/moria_gazebo.pc'
[0.626s] Level 1:colcon.colcon_core.environment:checking '/home/kemaltml/moria_ws/install/moria_gazebo/lib/python3.10/site-packages'
[0.627s] Level 1:colcon.colcon_core.environment:checking '/home/kemaltml/moria_ws/install/moria_gazebo/bin'
[0.627s] INFO:colcon.colcon_core.shell:Creating package script '/home/kemaltml/moria_ws/install/moria_gazebo/share/moria_gazebo/package.ps1'
[0.628s] INFO:colcon.colcon_core.shell:Creating package descriptor '/home/kemaltml/moria_ws/install/moria_gazebo/share/moria_gazebo/package.dsv'
[0.629s] INFO:colcon.colcon_core.shell:Creating package script '/home/kemaltml/moria_ws/install/moria_gazebo/share/moria_gazebo/package.sh'
[0.629s] INFO:colcon.colcon_core.shell:Creating package script '/home/kemaltml/moria_ws/install/moria_gazebo/share/moria_gazebo/package.bash'
[0.630s] INFO:colcon.colcon_core.shell:Creating package script '/home/kemaltml/moria_ws/install/moria_gazebo/share/moria_gazebo/package.zsh'
[0.630s] Level 1:colcon.colcon_core.environment:create_file_with_runtime_dependencies(/home/kemaltml/moria_ws/install/moria_gazebo/share/colcon-core/packages/moria_gazebo)
[0.636s] DEBUG:colcon.colcon_core.event_handler.log_command:Invoking command in '/home/kemaltml/moria_ws/build/moria_bringup': AMENT_PREFIX_PATH=/home/kemaltml/moria_ws/install/moria_description:${AMENT_PREFIX_PATH} CMAKE_PREFIX_PATH=/home/kemaltml/moria_ws/install/moria_description:/opt/ros/iron /usr/bin/cmake --build /home/kemaltml/moria_ws/build/moria_bringup -- -j8 -l8
[0.662s] Level 1:colcon.colcon_core.environment:create_environment_scripts_only(moria_gazebo)
[0.663s] Level 1:colcon.colcon_core.environment:checking '/home/kemaltml/moria_ws/install/moria_gazebo' for CMake module files
[0.663s] Level 1:colcon.colcon_core.environment:checking '/home/kemaltml/moria_ws/install/moria_gazebo' for CMake config files
[0.664s] Level 1:colcon.colcon_core.shell:create_environment_hook('moria_gazebo', 'cmake_prefix_path')
[0.664s] INFO:colcon.colcon_core.shell:Creating environment hook '/home/kemaltml/moria_ws/install/moria_gazebo/share/moria_gazebo/hook/cmake_prefix_path.ps1'
[0.665s] INFO:colcon.colcon_core.shell:Creating environment descriptor '/home/kemaltml/moria_ws/install/moria_gazebo/share/moria_gazebo/hook/cmake_prefix_path.dsv'
[0.665s] INFO:colcon.colcon_core.shell:Creating environment hook '/home/kemaltml/moria_ws/install/moria_gazebo/share/moria_gazebo/hook/cmake_prefix_path.sh'
[0.666s] Level 1:colcon.colcon_core.environment:checking '/home/kemaltml/moria_ws/install/moria_gazebo/lib'
[0.666s] Level 1:colcon.colcon_core.environment:checking '/home/kemaltml/moria_ws/install/moria_gazebo/bin'
[0.667s] Level 1:colcon.colcon_core.environment:checking '/home/kemaltml/moria_ws/install/moria_gazebo/lib/pkgconfig/moria_gazebo.pc'
[0.667s] Level 1:colcon.colcon_core.environment:checking '/home/kemaltml/moria_ws/install/moria_gazebo/lib/python3.10/site-packages'
[0.667s] Level 1:colcon.colcon_core.environment:checking '/home/kemaltml/moria_ws/install/moria_gazebo/bin'
[0.668s] INFO:colcon.colcon_core.shell:Creating package script '/home/kemaltml/moria_ws/install/moria_gazebo/share/moria_gazebo/package.ps1'
[0.668s] INFO:colcon.colcon_core.shell:Creating package descriptor '/home/kemaltml/moria_ws/install/moria_gazebo/share/moria_gazebo/package.dsv'
[0.669s] INFO:colcon.colcon_core.shell:Creating package script '/home/kemaltml/moria_ws/install/moria_gazebo/share/moria_gazebo/package.sh'
[0.670s] INFO:colcon.colcon_core.shell:Creating package script '/home/kemaltml/moria_ws/install/moria_gazebo/share/moria_gazebo/package.bash'
[0.670s] INFO:colcon.colcon_core.shell:Creating package script '/home/kemaltml/moria_ws/install/moria_gazebo/share/moria_gazebo/package.zsh'
[0.671s] Level 1:colcon.colcon_core.environment:create_file_with_runtime_dependencies(/home/kemaltml/moria_ws/install/moria_gazebo/share/colcon-core/packages/moria_gazebo)
[0.682s] DEBUG:colcon.colcon_core.event_handler.log_command:Invoked command in '/home/kemaltml/moria_ws/build/moria_bringup' returned '0': AMENT_PREFIX_PATH=/home/kemaltml/moria_ws/install/moria_description:${AMENT_PREFIX_PATH} CMAKE_PREFIX_PATH=/home/kemaltml/moria_ws/install/moria_description:/opt/ros/iron /usr/bin/cmake --build /home/kemaltml/moria_ws/build/moria_bringup -- -j8 -l8
[0.708s] DEBUG:colcon.colcon_core.event_handler.log_command:Invoking command in '/home/kemaltml/moria_ws/build/moria_bringup': AMENT_PREFIX_PATH=/home/kemaltml/moria_ws/install/moria_description:${AMENT_PREFIX_PATH} CMAKE_PREFIX_PATH=/home/kemaltml/moria_ws/install/moria_description:/opt/ros/iron /usr/bin/cmake --install /home/kemaltml/moria_ws/build/moria_bringup
[0.733s] Level 1:colcon.colcon_core.environment:create_environment_scripts_only(moria_bringup)
[0.734s] Level 1:colcon.colcon_core.environment:checking '/home/kemaltml/moria_ws/install/moria_bringup' for CMake module files
[0.735s] DEBUG:colcon.colcon_core.event_handler.log_command:Invoked command in '/home/kemaltml/moria_ws/build/moria_bringup' returned '0': AMENT_PREFIX_PATH=/home/kemaltml/moria_ws/install/moria_description:${AMENT_PREFIX_PATH} CMAKE_PREFIX_PATH=/home/kemaltml/moria_ws/install/moria_description:/opt/ros/iron /usr/bin/cmake --install /home/kemaltml/moria_ws/build/moria_bringup
[0.735s] Level 1:colcon.colcon_core.environment:checking '/home/kemaltml/moria_ws/install/moria_bringup' for CMake config files
[0.735s] Level 1:colcon.colcon_core.shell:create_environment_hook('moria_bringup', 'cmake_prefix_path')
[0.736s] INFO:colcon.colcon_core.shell:Creating environment hook '/home/kemaltml/moria_ws/install/moria_bringup/share/moria_bringup/hook/cmake_prefix_path.ps1'
[0.737s] INFO:colcon.colcon_core.shell:Creating environment descriptor '/home/kemaltml/moria_ws/install/moria_bringup/share/moria_bringup/hook/cmake_prefix_path.dsv'
[0.737s] INFO:colcon.colcon_core.shell:Creating environment hook '/home/kemaltml/moria_ws/install/moria_bringup/share/moria_bringup/hook/cmake_prefix_path.sh'
[0.738s] Level 1:colcon.colcon_core.environment:checking '/home/kemaltml/moria_ws/install/moria_bringup/bin'
[0.739s] Level 1:colcon.colcon_core.environment:checking '/home/kemaltml/moria_ws/install/moria_bringup/lib/pkgconfig/moria_bringup.pc'
[0.739s] Level 1:colcon.colcon_core.environment:checking '/home/kemaltml/moria_ws/install/moria_bringup/lib/python3.10/site-packages'
[0.739s] Level 1:colcon.colcon_core.environment:checking '/home/kemaltml/moria_ws/install/moria_bringup/bin'
[0.740s] INFO:colcon.colcon_core.shell:Creating package script '/home/kemaltml/moria_ws/install/moria_bringup/share/moria_bringup/package.ps1'
[0.741s] INFO:colcon.colcon_core.shell:Creating package descriptor '/home/kemaltml/moria_ws/install/moria_bringup/share/moria_bringup/package.dsv'
[0.741s] INFO:colcon.colcon_core.shell:Creating package script '/home/kemaltml/moria_ws/install/moria_bringup/share/moria_bringup/package.sh'
[0.742s] INFO:colcon.colcon_core.shell:Creating package script '/home/kemaltml/moria_ws/install/moria_bringup/share/moria_bringup/package.bash'
[0.743s] INFO:colcon.colcon_core.shell:Creating package script '/home/kemaltml/moria_ws/install/moria_bringup/share/moria_bringup/package.zsh'
[0.744s] Level 1:colcon.colcon_core.environment:create_file_with_runtime_dependencies(/home/kemaltml/moria_ws/install/moria_bringup/share/colcon-core/packages/moria_bringup)
[0.766s] Level 1:colcon.colcon_core.environment:create_environment_scripts_only(moria_bringup)
[0.766s] Level 1:colcon.colcon_core.environment:checking '/home/kemaltml/moria_ws/install/moria_bringup' for CMake module files
[0.766s] Level 1:colcon.colcon_core.environment:checking '/home/kemaltml/moria_ws/install/moria_bringup' for CMake config files
[0.767s] Level 1:colcon.colcon_core.shell:create_environment_hook('moria_bringup', 'cmake_prefix_path')
[0.767s] INFO:colcon.colcon_core.shell:Creating environment hook '/home/kemaltml/moria_ws/install/moria_bringup/share/moria_bringup/hook/cmake_prefix_path.ps1'
[0.768s] INFO:colcon.colcon_core.shell:Creating environment descriptor '/home/kemaltml/moria_ws/install/moria_bringup/share/moria_bringup/hook/cmake_prefix_path.dsv'
[0.768s] INFO:colcon.colcon_core.shell:Creating environment hook '/home/kemaltml/moria_ws/install/moria_bringup/share/moria_bringup/hook/cmake_prefix_path.sh'
[0.769s] Level 1:colcon.colcon_core.environment:checking '/home/kemaltml/moria_ws/install/moria_bringup/bin'
[0.769s] Level 1:colcon.colcon_core.environment:checking '/home/kemaltml/moria_ws/install/moria_bringup/lib/pkgconfig/moria_bringup.pc'
[0.769s] Level 1:colcon.colcon_core.environment:checking '/home/kemaltml/moria_ws/install/moria_bringup/lib/python3.10/site-packages'
[0.769s] Level 1:colcon.colcon_core.environment:checking '/home/kemaltml/moria_ws/install/moria_bringup/bin'
[0.770s] INFO:colcon.colcon_core.shell:Creating package script '/home/kemaltml/moria_ws/install/moria_bringup/share/moria_bringup/package.ps1'
[0.770s] INFO:colcon.colcon_core.shell:Creating package descriptor '/home/kemaltml/moria_ws/install/moria_bringup/share/moria_bringup/package.dsv'
[0.771s] INFO:colcon.colcon_core.shell:Creating package script '/home/kemaltml/moria_ws/install/moria_bringup/share/moria_bringup/package.sh'
[0.771s] INFO:colcon.colcon_core.shell:Creating package script '/home/kemaltml/moria_ws/install/moria_bringup/share/moria_bringup/package.bash'
[0.772s] INFO:colcon.colcon_core.shell:Creating package script '/home/kemaltml/moria_ws/install/moria_bringup/share/moria_bringup/package.zsh'
[0.773s] Level 1:colcon.colcon_core.environment:create_file_with_runtime_dependencies(/home/kemaltml/moria_ws/install/moria_bringup/share/colcon-core/packages/moria_bringup)
[0.773s] DEBUG:colcon.colcon_parallel_executor.executor.parallel:closing loop
[0.774s] DEBUG:colcon.colcon_parallel_executor.executor.parallel:loop closed
[0.774s] DEBUG:colcon.colcon_parallel_executor.executor.parallel:run_until_complete finished with '0'
[0.774s] DEBUG:colcon.colcon_core.event_reactor:joining thread
[0.781s] INFO:colcon.colcon_core.plugin_system:Skipping extension 'colcon_notification.desktop_notification.terminal_notifier': Not used on non-Darwin systems
[0.781s] INFO:colcon.colcon_core.plugin_system:Skipping extension 'colcon_notification.desktop_notification.win32': Not used on non-Windows systems
[0.782s] INFO:colcon.colcon_notification.desktop_notification:Sending desktop notification using 'notify2'
[0.811s] DEBUG:colcon.colcon_core.event_reactor:joined thread
[0.812s] INFO:colcon.colcon_core.shell:Creating prefix script '/home/kemaltml/moria_ws/install/local_setup.ps1'
[0.814s] INFO:colcon.colcon_core.shell:Creating prefix util module '/home/kemaltml/moria_ws/install/_local_setup_util_ps1.py'
[0.817s] INFO:colcon.colcon_core.shell:Creating prefix chain script '/home/kemaltml/moria_ws/install/setup.ps1'
[0.819s] INFO:colcon.colcon_core.shell:Creating prefix script '/home/kemaltml/moria_ws/install/local_setup.sh'
[0.821s] INFO:colcon.colcon_core.shell:Creating prefix util module '/home/kemaltml/moria_ws/install/_local_setup_util_sh.py'
[0.822s] INFO:colcon.colcon_core.shell:Creating prefix chain script '/home/kemaltml/moria_ws/install/setup.sh'
[0.825s] INFO:colcon.colcon_core.shell:Creating prefix script '/home/kemaltml/moria_ws/install/local_setup.bash'
[0.826s] INFO:colcon.colcon_core.shell:Creating prefix chain script '/home/kemaltml/moria_ws/install/setup.bash'
[0.828s] INFO:colcon.colcon_core.shell:Creating prefix script '/home/kemaltml/moria_ws/install/local_setup.zsh'
[0.829s] INFO:colcon.colcon_core.shell:Creating prefix chain script '/home/kemaltml/moria_ws/install/setup.zsh'
