-- The C compiler identification is GNU 11.4.0
-- The CXX compiler identification is GNU 11.4.0
-- Detecting C compiler ABI info
-- Detecting C compiler ABI info - done
-- Check for working C compiler: /usr/bin/cc - skipped
-- Detecting C compile features
-- Detecting C compile features - done
-- Detecting CXX compiler ABI info
-- Detecting CXX compiler ABI info - done
-- Check for working CXX compiler: /usr/bin/c++ - skipped
-- Detecting CXX compile features
-- Detecting CXX compile features - done
-- Found ament_cmake: 2.0.6 (/opt/ros/iron/share/ament_cmake/cmake)
-- Found Python3: /usr/bin/python3.10 (found version "3.10.12") found components: Interpreter 
-- Override CMake install command with custom implementation using symlinks instead of copying resources
-- Configuring done
-- Generating done
-- Build files have been written to: /home/kemaltml/moria_ws/build/moria_bringup
-- Install configuration: ""
-- Execute custom install script
-- Symlinking: /home/kemaltml/moria_ws/install/moria_bringup/share/moria_bringup/launch/robot.launch.py
-- Symlinking: /home/kemaltml/moria_ws/install/moria_bringup/share/moria_bringup/launch/rviz2.launch.py
-- Symlinking: /home/kemaltml/moria_ws/install/moria_bringup/share/moria_bringup/launch/state_publisher.launch.py
-- Symlinking: /home/kemaltml/moria_ws/install/moria_bringup/share/ament_index/resource_index/package_run_dependencies/moria_bringup
-- Symlinking: /home/kemaltml/moria_ws/install/moria_bringup/share/ament_index/resource_index/parent_prefix_path/moria_bringup
-- Symlinking: /home/kemaltml/moria_ws/install/moria_bringup/share/moria_bringup/environment/ament_prefix_path.sh
-- Symlinking: /home/kemaltml/moria_ws/install/moria_bringup/share/moria_bringup/environment/ament_prefix_path.dsv
-- Symlinking: /home/kemaltml/moria_ws/install/moria_bringup/share/moria_bringup/environment/path.sh
-- Symlinking: /home/kemaltml/moria_ws/install/moria_bringup/share/moria_bringup/environment/path.dsv
-- Symlinking: /home/kemaltml/moria_ws/install/moria_bringup/share/moria_bringup/local_setup.bash
-- Symlinking: /home/kemaltml/moria_ws/install/moria_bringup/share/moria_bringup/local_setup.sh
-- Symlinking: /home/kemaltml/moria_ws/install/moria_bringup/share/moria_bringup/local_setup.zsh
-- Symlinking: /home/kemaltml/moria_ws/install/moria_bringup/share/moria_bringup/local_setup.dsv
-- Symlinking: /home/kemaltml/moria_ws/install/moria_bringup/share/moria_bringup/package.dsv
-- Symlinking: /home/kemaltml/moria_ws/install/moria_bringup/share/ament_index/resource_index/packages/moria_bringup
-- Symlinking: /home/kemaltml/moria_ws/install/moria_bringup/share/moria_bringup/cmake/moria_bringupConfig.cmake
-- Symlinking: /home/kemaltml/moria_ws/install/moria_bringup/share/moria_bringup/cmake/moria_bringupConfig-version.cmake
-- Symlinking: /home/kemaltml/moria_ws/install/moria_bringup/share/moria_bringup/package.xml
