[0.010s] Invoking command in '/home/kemaltml/moria_ws/build/moria_bringup': AMENT_PREFIX_PATH=/home/kemaltml/moria_ws/install/moria_description:${AMENT_PREFIX_PATH} CMAKE_PREFIX_PATH=/home/kemaltml/moria_ws/install/moria_description:/opt/ros/iron /usr/bin/cmake /home/kemaltml/moria_ws/src/moria/moria_bringup -DAMENT_CMAKE_SYMLINK_INSTALL=1 -DCMAKE_INSTALL_PREFIX=/home/kemaltml/moria_ws/install/moria_bringup
[0.146s] -- The C compiler identification is GNU 11.4.0
[0.232s] -- The CXX compiler identification is GNU 11.4.0
[0.240s] -- Detecting C compiler ABI info
[0.342s] -- Detecting C compiler ABI info - done
[0.353s] -- Check for working C compiler: /usr/bin/cc - skipped
[0.353s] -- Detecting C compile features
[0.354s] -- Detecting C compile features - done
[0.358s] -- Detecting CXX compiler ABI info
[0.458s] -- Detecting CXX compiler ABI info - done
[0.470s] -- Check for working CXX compiler: /usr/bin/c++ - skipped
[0.471s] -- Detecting CXX compile features
[0.471s] -- Detecting CXX compile features - done
[0.475s] -- Found ament_cmake: 2.0.6 (/opt/ros/iron/share/ament_cmake/cmake)
[0.701s] -- Found Python3: /usr/bin/python3.10 (found version "3.10.12") found components: Interpreter 
[0.790s] -- Override CMake install command with custom implementation using symlinks instead of copying resources
[0.918s] -- Configuring done
[0.922s] -- Generating done
[0.924s] -- Build files have been written to: /home/kemaltml/moria_ws/build/moria_bringup
[0.931s] Invoked command in '/home/kemaltml/moria_ws/build/moria_bringup' returned '0': AMENT_PREFIX_PATH=/home/kemaltml/moria_ws/install/moria_description:${AMENT_PREFIX_PATH} CMAKE_PREFIX_PATH=/home/kemaltml/moria_ws/install/moria_description:/opt/ros/iron /usr/bin/cmake /home/kemaltml/moria_ws/src/moria/moria_bringup -DAMENT_CMAKE_SYMLINK_INSTALL=1 -DCMAKE_INSTALL_PREFIX=/home/kemaltml/moria_ws/install/moria_bringup
[0.933s] Invoking command in '/home/kemaltml/moria_ws/build/moria_bringup': AMENT_PREFIX_PATH=/home/kemaltml/moria_ws/install/moria_description:${AMENT_PREFIX_PATH} CMAKE_PREFIX_PATH=/home/kemaltml/moria_ws/install/moria_description:/opt/ros/iron /usr/bin/cmake --build /home/kemaltml/moria_ws/build/moria_bringup -- -j8 -l8
[0.977s] Invoked command in '/home/kemaltml/moria_ws/build/moria_bringup' returned '0': AMENT_PREFIX_PATH=/home/kemaltml/moria_ws/install/moria_description:${AMENT_PREFIX_PATH} CMAKE_PREFIX_PATH=/home/kemaltml/moria_ws/install/moria_description:/opt/ros/iron /usr/bin/cmake --build /home/kemaltml/moria_ws/build/moria_bringup -- -j8 -l8
[1.003s] Invoking command in '/home/kemaltml/moria_ws/build/moria_bringup': AMENT_PREFIX_PATH=/home/kemaltml/moria_ws/install/moria_description:${AMENT_PREFIX_PATH} CMAKE_PREFIX_PATH=/home/kemaltml/moria_ws/install/moria_description:/opt/ros/iron /usr/bin/cmake --install /home/kemaltml/moria_ws/build/moria_bringup
[1.011s] -- Install configuration: ""
[1.012s] -- Execute custom install script
[1.012s] -- Symlinking: /home/kemaltml/moria_ws/install/moria_bringup/share/moria_bringup/launch/robot.launch.py
[1.023s] -- Symlinking: /home/kemaltml/moria_ws/install/moria_bringup/share/moria_bringup/launch/rviz2.launch.py
[1.036s] -- Symlinking: /home/kemaltml/moria_ws/install/moria_bringup/share/moria_bringup/launch/state_publisher.launch.py
[1.047s] -- Symlinking: /home/kemaltml/moria_ws/install/moria_bringup/share/ament_index/resource_index/package_run_dependencies/moria_bringup
[1.058s] -- Symlinking: /home/kemaltml/moria_ws/install/moria_bringup/share/ament_index/resource_index/parent_prefix_path/moria_bringup
[1.070s] -- Symlinking: /home/kemaltml/moria_ws/install/moria_bringup/share/moria_bringup/environment/ament_prefix_path.sh
[1.082s] -- Symlinking: /home/kemaltml/moria_ws/install/moria_bringup/share/moria_bringup/environment/ament_prefix_path.dsv
[1.093s] -- Symlinking: /home/kemaltml/moria_ws/install/moria_bringup/share/moria_bringup/environment/path.sh
[1.103s] -- Symlinking: /home/kemaltml/moria_ws/install/moria_bringup/share/moria_bringup/environment/path.dsv
[1.114s] -- Symlinking: /home/kemaltml/moria_ws/install/moria_bringup/share/moria_bringup/local_setup.bash
[1.125s] -- Symlinking: /home/kemaltml/moria_ws/install/moria_bringup/share/moria_bringup/local_setup.sh
[1.135s] -- Symlinking: /home/kemaltml/moria_ws/install/moria_bringup/share/moria_bringup/local_setup.zsh
[1.147s] -- Symlinking: /home/kemaltml/moria_ws/install/moria_bringup/share/moria_bringup/local_setup.dsv
[1.158s] -- Symlinking: /home/kemaltml/moria_ws/install/moria_bringup/share/moria_bringup/package.dsv
[1.170s] -- Symlinking: /home/kemaltml/moria_ws/install/moria_bringup/share/ament_index/resource_index/packages/moria_bringup
[1.180s] -- Symlinking: /home/kemaltml/moria_ws/install/moria_bringup/share/moria_bringup/cmake/moria_bringupConfig.cmake
[1.190s] -- Symlinking: /home/kemaltml/moria_ws/install/moria_bringup/share/moria_bringup/cmake/moria_bringupConfig-version.cmake
[1.200s] -- Symlinking: /home/kemaltml/moria_ws/install/moria_bringup/share/moria_bringup/package.xml
[1.213s] Invoked command in '/home/kemaltml/moria_ws/build/moria_bringup' returned '0': AMENT_PREFIX_PATH=/home/kemaltml/moria_ws/install/moria_description:${AMENT_PREFIX_PATH} CMAKE_PREFIX_PATH=/home/kemaltml/moria_ws/install/moria_description:/opt/ros/iron /usr/bin/cmake --install /home/kemaltml/moria_ws/build/moria_bringup
