[0.024s] Invoking command in '/home/kemaltml/moria_ws/build/moria_bringup': AMENT_PREFIX_PATH=/home/kemaltml/moria_ws/install/moria_description:${AMENT_PREFIX_PATH} CMAKE_PREFIX_PATH=/home/kemaltml/moria_ws/install/moria_description:/opt/ros/iron /usr/bin/cmake --build /home/kemaltml/moria_ws/build/moria_bringup -- -j8 -l8
[0.070s] Invoked command in '/home/kemaltml/moria_ws/build/moria_bringup' returned '0': AMENT_PREFIX_PATH=/home/kemaltml/moria_ws/install/moria_description:${AMENT_PREFIX_PATH} CMAKE_PREFIX_PATH=/home/kemaltml/moria_ws/install/moria_description:/opt/ros/iron /usr/bin/cmake --build /home/kemaltml/moria_ws/build/moria_bringup -- -j8 -l8
[0.095s] Invoking command in '/home/kemaltml/moria_ws/build/moria_bringup': AMENT_PREFIX_PATH=/home/kemaltml/moria_ws/install/moria_description:${AMENT_PREFIX_PATH} CMAKE_PREFIX_PATH=/home/kemaltml/moria_ws/install/moria_description:/opt/ros/iron /usr/bin/cmake --install /home/kemaltml/moria_ws/build/moria_bringup
[0.103s] -- Install configuration: ""
[0.103s] -- Execute custom install script
[0.104s] -- Up-to-date symlink: /home/kemaltml/moria_ws/install/moria_bringup/share/moria_bringup/launch/robot.launch.py
[0.104s] -- Up-to-date symlink: /home/kemaltml/moria_ws/install/moria_bringup/share/moria_bringup/launch/rviz2.launch.py
[0.104s] -- Up-to-date symlink: /home/kemaltml/moria_ws/install/moria_bringup/share/moria_bringup/launch/state_publisher.launch.py
[0.104s] -- Up-to-date symlink: /home/kemaltml/moria_ws/install/moria_bringup/share/ament_index/resource_index/package_run_dependencies/moria_bringup
[0.105s] -- Up-to-date symlink: /home/kemaltml/moria_ws/install/moria_bringup/share/ament_index/resource_index/parent_prefix_path/moria_bringup
[0.105s] -- Up-to-date symlink: /home/kemaltml/moria_ws/install/moria_bringup/share/moria_bringup/environment/ament_prefix_path.sh
[0.105s] -- Up-to-date symlink: /home/kemaltml/moria_ws/install/moria_bringup/share/moria_bringup/environment/ament_prefix_path.dsv
[0.106s] -- Up-to-date symlink: /home/kemaltml/moria_ws/install/moria_bringup/share/moria_bringup/environment/path.sh
[0.106s] -- Up-to-date symlink: /home/kemaltml/moria_ws/install/moria_bringup/share/moria_bringup/environment/path.dsv
[0.106s] -- Up-to-date symlink: /home/kemaltml/moria_ws/install/moria_bringup/share/moria_bringup/local_setup.bash
[0.106s] -- Up-to-date symlink: /home/kemaltml/moria_ws/install/moria_bringup/share/moria_bringup/local_setup.sh
[0.106s] -- Up-to-date symlink: /home/kemaltml/moria_ws/install/moria_bringup/share/moria_bringup/local_setup.zsh
[0.107s] -- Up-to-date symlink: /home/kemaltml/moria_ws/install/moria_bringup/share/moria_bringup/local_setup.dsv
[0.107s] -- Symlinking: /home/kemaltml/moria_ws/install/moria_bringup/share/moria_bringup/package.dsv
[0.118s] -- Up-to-date symlink: /home/kemaltml/moria_ws/install/moria_bringup/share/ament_index/resource_index/packages/moria_bringup
[0.119s] -- Up-to-date symlink: /home/kemaltml/moria_ws/install/moria_bringup/share/moria_bringup/cmake/moria_bringupConfig.cmake
[0.119s] -- Up-to-date symlink: /home/kemaltml/moria_ws/install/moria_bringup/share/moria_bringup/cmake/moria_bringupConfig-version.cmake
[0.119s] -- Up-to-date symlink: /home/kemaltml/moria_ws/install/moria_bringup/share/moria_bringup/package.xml
[0.123s] Invoked command in '/home/kemaltml/moria_ws/build/moria_bringup' returned '0': AMENT_PREFIX_PATH=/home/kemaltml/moria_ws/install/moria_description:${AMENT_PREFIX_PATH} CMAKE_PREFIX_PATH=/home/kemaltml/moria_ws/install/moria_description:/opt/ros/iron /usr/bin/cmake --install /home/kemaltml/moria_ws/build/moria_bringup
